data_mode:('TEST', 0.1, 'SAME', None) dataset:fashion-mnist exp:_cae_baseline_experiment tag: run:0 c:0
auroc:0.7007300000000001, pr_auc_norm:0.9452057851071347, pr_auc_anom:0.283929062911555
mean_pos:-808.3146362304688, mean_neg:-881.8013916015625 std_pos:85.83560180664062 std_neg:109.11228942871094
Epoch: [1 | 1000], loss: 93419.97258522727
Epoch: [2 | 1000], loss: 75582.06769176136
Epoch: [3 | 1000], loss: 60774.57715435606
Epoch: [4 | 1000], loss: 51037.44433771307
Epoch: [5 | 1000], loss: 44404.31471448864
Epoch: [6 | 1000], loss: 39652.329733664774
Epoch: [7 | 1000], loss: 36119.21510653409
Epoch: [8 | 1000], loss: 33379.2320423473
Epoch: [9 | 1000], loss: 31178.69781723485
Epoch: [10 | 1000], loss: 29364.50932581676
auroc:0.86812, pr_auc_norm:0.9816802850354123, pr_auc_anom:0.46326969261372725
mean_pos:-91.60460662841797, mean_neg:-202.8047332763672 std_pos:54.46463394165039 std_neg:88.43489074707031
Epoch: [11 | 1000], loss: 27823.571068246383
Epoch: [12 | 1000], loss: 26475.142705078124
Epoch: [13 | 1000], loss: 25276.660771552666
Epoch: [14 | 1000], loss: 24211.15623186384
Epoch: [15 | 1000], loss: 23257.29740163352
Epoch: [16 | 1000], loss: 22398.878701282847
Epoch: [17 | 1000], loss: 21622.778882018716
Epoch: [18 | 1000], loss: 20918.393323863635
Epoch: [19 | 1000], loss: 20273.918385915073
Epoch: [20 | 1000], loss: 19684.861609730113
auroc:0.8112, pr_auc_norm:0.9749284095678007, pr_auc_anom:0.24412814189540158
mean_pos:-63.345008850097656, mean_neg:-106.33039093017578 std_pos:38.45412826538086 std_neg:41.8822021484375
Epoch: [21 | 1000], loss: 19140.816983225108
Epoch: [22 | 1000], loss: 18634.521792597494
Epoch: [23 | 1000], loss: 18163.639820204422
Epoch: [24 | 1000], loss: 17723.548217773438
Epoch: [25 | 1000], loss: 17311.32006044034
Epoch: [26 | 1000], loss: 16924.424677051466
Epoch: [27 | 1000], loss: 16563.54457327178
Epoch: [28 | 1000], loss: 16224.976389540636
Epoch: [29 | 1000], loss: 15902.881209559904
Epoch: [30 | 1000], loss: 15597.024724076704
auroc:0.81841, pr_auc_norm:0.9772253535014204, pr_auc_anom:0.23497208487905102
mean_pos:-49.99687576293945, mean_neg:-84.69276428222656 std_pos:32.529842376708984 std_neg:32.148128509521484
Epoch: [31 | 1000], loss: 15306.035647796005
Epoch: [32 | 1000], loss: 15030.091619207209
Epoch: [33 | 1000], loss: 14769.265197357094
Epoch: [34 | 1000], loss: 14520.907287662934
Epoch: [35 | 1000], loss: 14281.865324928976
Epoch: [36 | 1000], loss: 14052.222244836055
Epoch: [37 | 1000], loss: 13833.032555546491
Epoch: [38 | 1000], loss: 13622.916870257364
Epoch: [39 | 1000], loss: 13424.37127397017
Epoch: [40 | 1000], loss: 13235.189299427379
auroc:0.80955, pr_auc_norm:0.9768387649573953, pr_auc_anom:0.2246993883650132
mean_pos:-43.7586555480957, mean_neg:-71.61419677734375 std_pos:28.098115921020508 std_neg:27.05277442932129
Epoch: [41 | 1000], loss: 13051.24852437292
Epoch: [42 | 1000], loss: 12873.410124797078
Epoch: [43 | 1000], loss: 12702.454818933338
Epoch: [44 | 1000], loss: 12537.209058787448
Epoch: [45 | 1000], loss: 12377.768400686553
Epoch: [46 | 1000], loss: 12223.620211176816
Epoch: [47 | 1000], loss: 12075.656720638903
Epoch: [48 | 1000], loss: 11931.911022579308
Epoch: [49 | 1000], loss: 11792.196184521394
Epoch: [50 | 1000], loss: 11656.926940926847
auroc:0.81047, pr_auc_norm:0.9772974669801073, pr_auc_anom:0.22288881074986985
mean_pos:-37.81554412841797, mean_neg:-62.581825256347656 std_pos:25.45056915283203 std_neg:23.78474998474121
Epoch: [51 | 1000], loss: 11526.219803590826
Epoch: [52 | 1000], loss: 11399.819301877322
Epoch: [53 | 1000], loss: 11279.014994589543
Epoch: [54 | 1000], loss: 11161.98183411261
Epoch: [55 | 1000], loss: 11046.40057284672
Epoch: [56 | 1000], loss: 10933.903371724711
Epoch: [57 | 1000], loss: 10824.385965862366
Epoch: [58 | 1000], loss: 10718.08516313798
Epoch: [59 | 1000], loss: 10614.404691261798
Epoch: [60 | 1000], loss: 10513.476948330966
auroc:0.80816, pr_auc_norm:0.977164996120807, pr_auc_anom:0.2213924844900448
mean_pos:-34.30836868286133, mean_neg:-56.719261169433594 std_pos:23.621349334716797 std_neg:21.860197067260742
Epoch: [61 | 1000], loss: 10415.064955494365
Epoch: [62 | 1000], loss: 10319.272440275041
Epoch: [63 | 1000], loss: 10226.336025136972
Epoch: [64 | 1000], loss: 10135.502077178955
Epoch: [65 | 1000], loss: 10047.530812295126
Epoch: [66 | 1000], loss: 9961.125773461712
Epoch: [67 | 1000], loss: 9877.267070471506
Epoch: [68 | 1000], loss: 9795.256776717079
Epoch: [69 | 1000], loss: 9714.536502490942
Epoch: [70 | 1000], loss: 9635.307747362012
auroc:0.80274, pr_auc_norm:0.9762531911499164, pr_auc_anom:0.21687278852148886
mean_pos:-31.56461524963379, mean_neg:-51.89386749267578 std_pos:22.292572021484375 std_neg:20.805702209472656
Epoch: [71 | 1000], loss: 9557.994528449104
Epoch: [72 | 1000], loss: 9482.584631828538
Epoch: [73 | 1000], loss: 9410.163156935905
Epoch: [74 | 1000], loss: 9338.935621328892
Epoch: [75 | 1000], loss: 9268.985467341383
Epoch: [76 | 1000], loss: 9200.330068978488
Epoch: [77 | 1000], loss: 9133.17441617243
Epoch: [78 | 1000], loss: 9067.442737687117
Epoch: [79 | 1000], loss: 9002.727274221897
Epoch: [80 | 1000], loss: 8939.051244617809
auroc:0.79553, pr_auc_norm:0.9751996931262468, pr_auc_anom:0.2121860997580386
mean_pos:-29.866519927978516, mean_neg:-48.364681243896484 std_pos:21.274927139282227 std_neg:19.7723331451416
Epoch: [81 | 1000], loss: 8876.922483921244
Epoch: [82 | 1000], loss: 8815.923073021324
Epoch: [83 | 1000], loss: 8756.326770241478
Epoch: [84 | 1000], loss: 8697.684284498868
Epoch: [85 | 1000], loss: 8639.956270586146
Epoch: [86 | 1000], loss: 8583.6050523741
Epoch: [87 | 1000], loss: 8528.02463251351
Epoch: [88 | 1000], loss: 8473.317062660406
Epoch: [89 | 1000], loss: 8419.608370043372
Epoch: [90 | 1000], loss: 8367.465022441209
auroc:0.80179, pr_auc_norm:0.9762547609919083, pr_auc_anom:0.2180631524137525
mean_pos:-27.895952224731445, mean_neg:-45.9951171875 std_pos:20.35330581665039 std_neg:18.90850067138672
Epoch: [91 | 1000], loss: 8317.142445952484
Epoch: [92 | 1000], loss: 8267.139821526449
Epoch: [93 | 1000], loss: 8217.943994407915
Epoch: [94 | 1000], loss: 8170.049625152056
Epoch: [95 | 1000], loss: 8121.915877864272
Epoch: [96 | 1000], loss: 8074.683348189846
Epoch: [97 | 1000], loss: 8028.086606230231
Epoch: [98 | 1000], loss: 7982.050404920135
Epoch: [99 | 1000], loss: 7937.080470588341
Epoch: [100 | 1000], loss: 7892.32477545277
auroc:0.7891699999999999, pr_auc_norm:0.9743853450883685, pr_auc_anom:0.20836714680924032
mean_pos:-26.309656143188477, mean_neg:-42.368621826171875 std_pos:19.296913146972656 std_neg:18.04000473022461
Epoch: [101 | 1000], loss: 7848.230187129065
Epoch: [102 | 1000], loss: 7805.006729664522
Epoch: [103 | 1000], loss: 7762.345428092936
Epoch: [104 | 1000], loss: 7720.578843059407
Epoch: [105 | 1000], loss: 7679.381385108056
Epoch: [106 | 1000], loss: 7638.678780900749
Epoch: [107 | 1000], loss: 7598.418346726151
Epoch: [108 | 1000], loss: 7558.759433889678
Epoch: [109 | 1000], loss: 7519.83844397105
Epoch: [110 | 1000], loss: 7481.927130823056
auroc:0.78443, pr_auc_norm:0.9737055549823361, pr_auc_anom:0.2036422451669664
mean_pos:-25.354013442993164, mean_neg:-40.33780288696289 std_pos:18.547243118286133 std_neg:17.29498291015625
Epoch: [111 | 1000], loss: 7444.402228801955
Epoch: [112 | 1000], loss: 7407.269621451242
Epoch: [113 | 1000], loss: 7370.665384493004
Epoch: [114 | 1000], loss: 7334.715489157353
Epoch: [115 | 1000], loss: 7299.591387648993
Epoch: [116 | 1000], loss: 7264.801562561226
Epoch: [117 | 1000], loss: 7230.190923098169
Epoch: [118 | 1000], loss: 7196.390934588369
Epoch: [119 | 1000], loss: 7163.388200398234
Epoch: [120 | 1000], loss: 7131.67245094623
auroc:0.7800699999999999, pr_auc_norm:0.9731990430378552, pr_auc_anom:0.20063530479445604
mean_pos:-24.311019897460938, mean_neg:-38.581153869628906 std_pos:17.965085983276367 std_neg:16.819461822509766
Epoch: [121 | 1000], loss: 7099.088860859287
Epoch: [122 | 1000], loss: 7066.889259118707
Epoch: [123 | 1000], loss: 7034.976113172984
Epoch: [124 | 1000], loss: 7003.481656218498
Epoch: [125 | 1000], loss: 6972.274264417613
Epoch: [126 | 1000], loss: 6941.373712748297
Epoch: [127 | 1000], loss: 6911.018019074076
Epoch: [128 | 1000], loss: 6881.105283473622
Epoch: [129 | 1000], loss: 6851.529092801654
Epoch: [130 | 1000], loss: 6822.294379514041
auroc:0.78006, pr_auc_norm:0.9733439423531451, pr_auc_anom:0.20093792443397465
mean_pos:-23.172067642211914, mean_neg:-36.832462310791016 std_pos:17.358633041381836 std_neg:16.04472541809082
Epoch: [131 | 1000], loss: 6793.303651821922
Epoch: [132 | 1000], loss: 6764.856417320399
Epoch: [133 | 1000], loss: 6736.764353880084
Epoch: [134 | 1000], loss: 6709.181245653833
Epoch: [135 | 1000], loss: 6682.3339043790775
Epoch: [136 | 1000], loss: 6655.612084158015
Epoch: [137 | 1000], loss: 6629.36588847423
Epoch: [138 | 1000], loss: 6603.2631545188215
Epoch: [139 | 1000], loss: 6577.927935311197
Epoch: [140 | 1000], loss: 6551.985060429561
auroc:0.7738399999999999, pr_auc_norm:0.9724016487342306, pr_auc_anom:0.19557950619488831
mean_pos:-22.66716957092285, mean_neg:-35.362632751464844 std_pos:16.845600128173828 std_neg:15.481109619140625
Epoch: [141 | 1000], loss: 6526.3539135569035
Epoch: [142 | 1000], loss: 6500.859635198889
Epoch: [143 | 1000], loss: 6475.675613871657
Epoch: [144 | 1000], loss: 6450.661430383548
Epoch: [145 | 1000], loss: 6425.963310378502
Epoch: [146 | 1000], loss: 6401.548417321154
Epoch: [147 | 1000], loss: 6377.398121732713
Epoch: [148 | 1000], loss: 6353.565016061094
Epoch: [149 | 1000], loss: 6330.010552734971
Epoch: [150 | 1000], loss: 6306.879774461411
auroc:0.77192, pr_auc_norm:0.972273108519536, pr_auc_anom:0.19324853420144644
mean_pos:-21.71208953857422, mean_neg:-33.75663757324219 std_pos:16.449066162109375 std_neg:14.753605842590332
Epoch: [151 | 1000], loss: 6283.972983036857
Epoch: [152 | 1000], loss: 6261.170953135514
Epoch: [153 | 1000], loss: 6238.558505290729
Epoch: [154 | 1000], loss: 6216.209285129155
Epoch: [155 | 1000], loss: 6194.009037123694
Epoch: [156 | 1000], loss: 6172.057290630919
Epoch: [157 | 1000], loss: 6150.448032546052
Epoch: [158 | 1000], loss: 6129.15584599924
Epoch: [159 | 1000], loss: 6108.265013894658
Epoch: [160 | 1000], loss: 6087.690021059903
auroc:0.76593, pr_auc_norm:0.9713215461234226, pr_auc_anom:0.18940091037155646
mean_pos:-21.03437042236328, mean_neg:-32.301570892333984 std_pos:15.996697425842285 std_neg:14.308829307556152
Epoch: [161 | 1000], loss: 6067.084067239443
Epoch: [162 | 1000], loss: 6046.669938329146
Epoch: [163 | 1000], loss: 6026.465911487381
Epoch: [164 | 1000], loss: 6006.294712634034
Epoch: [165 | 1000], loss: 5986.354515342523
Epoch: [166 | 1000], loss: 5966.595089187538
Epoch: [167 | 1000], loss: 5947.056797148778
Epoch: [168 | 1000], loss: 5927.736431364249
Epoch: [169 | 1000], loss: 5908.667816910028
Epoch: [170 | 1000], loss: 5889.654925099745
auroc:0.76322, pr_auc_norm:0.9709707436045194, pr_auc_anom:0.1866619224773117
mean_pos:-20.3498592376709, mean_neg:-31.103059768676758 std_pos:15.58780288696289 std_neg:13.807515144348145
Epoch: [171 | 1000], loss: 5870.713089875419
Epoch: [172 | 1000], loss: 5851.845023324979
Epoch: [173 | 1000], loss: 5833.227415850384
Epoch: [174 | 1000], loss: 5814.960077137723
Epoch: [175 | 1000], loss: 5796.867700555499
Epoch: [176 | 1000], loss: 5778.882408116869
Epoch: [177 | 1000], loss: 5761.058080126778
Epoch: [178 | 1000], loss: 5743.373324252665
Epoch: [179 | 1000], loss: 5725.866846144537
Epoch: [180 | 1000], loss: 5708.472989356455
auroc:0.76086, pr_auc_norm:0.9705288603746521, pr_auc_anom:0.18609634649564744
mean_pos:-19.74753189086914, mean_neg:-30.139209747314453 std_pos:15.184575080871582 std_neg:13.520648956298828
Epoch: [181 | 1000], loss: 5691.140470694787
Epoch: [182 | 1000], loss: 5673.900203665963
Epoch: [183 | 1000], loss: 5656.996682382385
Epoch: [184 | 1000], loss: 5640.410782444166
Epoch: [185 | 1000], loss: 5623.960156631507
Epoch: [186 | 1000], loss: 5607.6701870050365
Epoch: [187 | 1000], loss: 5591.565897927143
Epoch: [188 | 1000], loss: 5575.406620553052
Epoch: [189 | 1000], loss: 5559.264612980155
Epoch: [190 | 1000], loss: 5543.197043538801
auroc:0.7573799999999999, pr_auc_norm:0.9700929730114819, pr_auc_anom:0.18347946026903472
mean_pos:-19.21030616760254, mean_neg:-29.06635284423828 std_pos:14.761028289794922 std_neg:13.016809463500977
Epoch: [191 | 1000], loss: 5527.257466989306
Epoch: [192 | 1000], loss: 5511.371976586544
Epoch: [193 | 1000], loss: 5495.633158112507
Epoch: [194 | 1000], loss: 5480.04407132979
Epoch: [195 | 1000], loss: 5464.624514491368
Epoch: [196 | 1000], loss: 5449.4831394174325
Epoch: [197 | 1000], loss: 5434.973903971955
Epoch: [198 | 1000], loss: 5420.648193778607
Epoch: [199 | 1000], loss: 5406.13857985774
Epoch: [200 | 1000], loss: 5391.812337153764
auroc:0.7491599999999999, pr_auc_norm:0.9683664114744341, pr_auc_anom:0.17924575368552975
mean_pos:-19.60482406616211, mean_neg:-28.89056396484375 std_pos:14.344572067260742 std_neg:12.721234321594238
Epoch: [201 | 1000], loss: 5377.623931969238
Epoch: [202 | 1000], loss: 5363.327581568459
Epoch: [203 | 1000], loss: 5348.941811116719
Epoch: [204 | 1000], loss: 5334.603286994486
Epoch: [205 | 1000], loss: 5320.286988432823
Epoch: [206 | 1000], loss: 5306.105245741653
Epoch: [207 | 1000], loss: 5291.937118696733
Epoch: [208 | 1000], loss: 5277.915326089926
Epoch: [209 | 1000], loss: 5264.080073516168
Epoch: [210 | 1000], loss: 5250.335684287067
auroc:0.7505299999999999, pr_auc_norm:0.9690622611172922, pr_auc_anom:0.1792858025996472
mean_pos:-18.2971134185791, mean_neg:-27.341629028320312 std_pos:13.845973014831543 std_neg:12.362088203430176
Epoch: [211 | 1000], loss: 5236.710783294849
Epoch: [212 | 1000], loss: 5223.241922810524
Epoch: [213 | 1000], loss: 5209.832985867978
Epoch: [214 | 1000], loss: 5196.43919348549
Epoch: [215 | 1000], loss: 5183.128429778343
Epoch: [216 | 1000], loss: 5169.894430120706
Epoch: [217 | 1000], loss: 5156.7088279143045
Epoch: [218 | 1000], loss: 5143.6958442317655
Epoch: [219 | 1000], loss: 5130.928446987939
Epoch: [220 | 1000], loss: 5118.166188171891
auroc:0.74884, pr_auc_norm:0.96892868241291, pr_auc_anom:0.1781027561624414
mean_pos:-17.831974029541016, mean_neg:-26.56631851196289 std_pos:13.356863975524902 std_neg:11.976714134216309
Epoch: [221 | 1000], loss: 5105.507834327035
Epoch: [222 | 1000], loss: 5092.924331768514
Epoch: [223 | 1000], loss: 5080.404541644638
Epoch: [224 | 1000], loss: 5068.063318572602
Epoch: [225 | 1000], loss: 5055.999814196654
Epoch: [226 | 1000], loss: 5044.16299666806
Epoch: [227 | 1000], loss: 5032.089987445873
Epoch: [228 | 1000], loss: 5019.993120524088
Epoch: [229 | 1000], loss: 5007.908890438526
Epoch: [230 | 1000], loss: 4995.835595533288
auroc:0.7492, pr_auc_norm:0.9688891047623645, pr_auc_anom:0.17884960664553798
mean_pos:-17.12441062927246, mean_neg:-25.667346954345703 std_pos:12.818001747131348 std_neg:11.688124656677246
Epoch: [231 | 1000], loss: 4983.849454214554
Epoch: [232 | 1000], loss: 4971.9438115115745
Epoch: [233 | 1000], loss: 4960.14751255662
Epoch: [234 | 1000], loss: 4948.341690289691
Epoch: [235 | 1000], loss: 4936.6284341585315
Epoch: [236 | 1000], loss: 4925.042960024512
Epoch: [237 | 1000], loss: 4913.563604281667
Epoch: [238 | 1000], loss: 4902.118546673197
Epoch: [239 | 1000], loss: 4890.848358000606
Epoch: [240 | 1000], loss: 4879.709725415779
auroc:0.74682, pr_auc_norm:0.9682956389358214, pr_auc_anom:0.17880526609247024
mean_pos:-17.2868595123291, mean_neg:-25.73303985595703 std_pos:12.448233604431152 std_neg:11.440305709838867
Epoch: [241 | 1000], loss: 4868.702341180583
Epoch: [242 | 1000], loss: 4857.639435163881
Epoch: [243 | 1000], loss: 4846.621628038925
Epoch: [244 | 1000], loss: 4835.6195303476625
Epoch: [245 | 1000], loss: 4824.703043735143
Epoch: [246 | 1000], loss: 4813.876907331942
Epoch: [247 | 1000], loss: 4803.160940213672
Epoch: [248 | 1000], loss: 4792.598431031347
Epoch: [249 | 1000], loss: 4782.15279422377
Epoch: [250 | 1000], loss: 4771.719251931818
auroc:0.7417600000000001, pr_auc_norm:0.9676418420551364, pr_auc_anom:0.17510061314139502
mean_pos:-16.52503204345703, mean_neg:-24.423782348632812 std_pos:11.843770980834961 std_neg:11.031722068786621
Epoch: [251 | 1000], loss: 4761.229352529513
Epoch: [252 | 1000], loss: 4750.735011005704
Epoch: [253 | 1000], loss: 4740.275043480367
Epoch: [254 | 1000], loss: 4729.848267101378
Epoch: [255 | 1000], loss: 4719.464307629372
Epoch: [256 | 1000], loss: 4709.153791177923
Epoch: [257 | 1000], loss: 4698.886505457282
Epoch: [258 | 1000], loss: 4688.720323621388
Epoch: [259 | 1000], loss: 4678.629055774779
Epoch: [260 | 1000], loss: 4668.537467896362
auroc:0.74194, pr_auc_norm:0.9678041265761481, pr_auc_anom:0.1747021654314913
mean_pos:-15.774142265319824, mean_neg:-23.385255813598633 std_pos:11.324020385742188 std_neg:10.647076606750488
Epoch: [261 | 1000], loss: 4658.501456763554
Epoch: [262 | 1000], loss: 4648.533909816385
Epoch: [263 | 1000], loss: 4638.668649155491
Epoch: [264 | 1000], loss: 4628.909527285237
Epoch: [265 | 1000], loss: 4619.246867880976
Epoch: [266 | 1000], loss: 4609.633320118923
Epoch: [267 | 1000], loss: 4600.113279906686
Epoch: [268 | 1000], loss: 4590.685050532472
Epoch: [269 | 1000], loss: 4581.164692618785
Epoch: [270 | 1000], loss: 4571.703682209464
auroc:0.7382700000000001, pr_auc_norm:0.9672300850012899, pr_auc_anom:0.17241129151998474
mean_pos:-15.582064628601074, mean_neg:-22.9461612701416 std_pos:11.058856010437012 std_neg:10.447322845458984
Epoch: [271 | 1000], loss: 4562.280321171455
Epoch: [272 | 1000], loss: 4552.894790267536
Epoch: [273 | 1000], loss: 4543.531344729489
Epoch: [274 | 1000], loss: 4534.261464098529
Epoch: [275 | 1000], loss: 4525.03887467717
Epoch: [276 | 1000], loss: 4515.840645319319
Epoch: [277 | 1000], loss: 4506.67191145844
Epoch: [278 | 1000], loss: 4497.529758014966
Epoch: [279 | 1000], loss: 4488.454606711648
Epoch: [280 | 1000], loss: 4479.558224758396
auroc:0.72904, pr_auc_norm:0.9654199255974815, pr_auc_anom:0.1681604027717442
mean_pos:-15.473133087158203, mean_neg:-22.261550903320312 std_pos:10.597391128540039 std_neg:10.016493797302246
Epoch: [281 | 1000], loss: 4470.751832942414
Epoch: [282 | 1000], loss: 4461.932027376176
Epoch: [283 | 1000], loss: 4453.1254673681315
Epoch: [284 | 1000], loss: 4444.344746847116
Epoch: [285 | 1000], loss: 4435.592590709729
Epoch: [286 | 1000], loss: 4426.864130958707
Epoch: [287 | 1000], loss: 4418.158359908599
Epoch: [288 | 1000], loss: 4409.481194740064
Epoch: [289 | 1000], loss: 4400.891747306543
Epoch: [290 | 1000], loss: 4392.34345652307
auroc:0.73897, pr_auc_norm:0.9671190602824309, pr_auc_anom:0.17322535330196925
mean_pos:-14.631575584411621, mean_neg:-21.612600326538086 std_pos:10.278696060180664 std_neg:9.743693351745605
Epoch: [291 | 1000], loss: 4383.775928033354
Epoch: [292 | 1000], loss: 4375.308756287457
Epoch: [293 | 1000], loss: 4366.889665532646
Epoch: [294 | 1000], loss: 4358.6045624462495
Epoch: [295 | 1000], loss: 4350.331259533898
Epoch: [296 | 1000], loss: 4342.020028580049
Epoch: [297 | 1000], loss: 4333.787503915815
Epoch: [298 | 1000], loss: 4325.6356000377755
Epoch: [299 | 1000], loss: 4317.46438732654
Epoch: [300 | 1000], loss: 4309.299948567708
auroc:0.73417, pr_auc_norm:0.9664645966308842, pr_auc_anom:0.16945463849705997
mean_pos:-14.366594314575195, mean_neg:-21.033348083496094 std_pos:10.034712791442871 std_neg:9.610814094543457
Epoch: [301 | 1000], loss: 4301.195460442877
Epoch: [302 | 1000], loss: 4293.092911402676
Epoch: [303 | 1000], loss: 4285.024011609169
Epoch: [304 | 1000], loss: 4277.016764478181
Epoch: [305 | 1000], loss: 4269.118656784126
Epoch: [306 | 1000], loss: 4261.544336642505
Epoch: [307 | 1000], loss: 4254.072166136792
Epoch: [308 | 1000], loss: 4246.972250923238
Epoch: [309 | 1000], loss: 4239.390189783243
Epoch: [310 | 1000], loss: 4231.786506271765
auroc:0.72753, pr_auc_norm:0.9654743973027466, pr_auc_anom:0.1653733772532129
mean_pos:-14.426410675048828, mean_neg:-20.582983016967773 std_pos:9.717530250549316 std_neg:9.095539093017578
Epoch: [311 | 1000], loss: 4224.115485857685
Epoch: [312 | 1000], loss: 4216.459434649416
Epoch: [313 | 1000], loss: 4208.839950283382
Epoch: [314 | 1000], loss: 4201.209749731827
Epoch: [315 | 1000], loss: 4193.607837540443
Epoch: [316 | 1000], loss: 4186.041499053639
Epoch: [317 | 1000], loss: 4178.46165451518
Epoch: [318 | 1000], loss: 4170.911278589858
Epoch: [319 | 1000], loss: 4163.445650244099
Epoch: [320 | 1000], loss: 4156.052240691445
auroc:0.742, pr_auc_norm:0.9673853216214934, pr_auc_anom:0.17434724402463384
mean_pos:-14.033978462219238, mean_neg:-20.715967178344727 std_pos:9.579534530639648 std_neg:9.132231712341309
Epoch: [321 | 1000], loss: 4148.780625699026
Epoch: [322 | 1000], loss: 4141.535219246139
Epoch: [323 | 1000], loss: 4134.254550087926
Epoch: [324 | 1000], loss: 4127.040625608982
Epoch: [325 | 1000], loss: 4119.807585105032
Epoch: [326 | 1000], loss: 4112.576021328196
Epoch: [327 | 1000], loss: 4105.374823798614
Epoch: [328 | 1000], loss: 4098.200270945344
Epoch: [329 | 1000], loss: 4091.162495042306
Epoch: [330 | 1000], loss: 4084.0948454791614
auroc:0.7316900000000001, pr_auc_norm:0.9659461800358264, pr_auc_anom:0.17021442272014864
mean_pos:-13.485183715820312, mean_neg:-19.72235679626465 std_pos:9.282364845275879 std_neg:9.066204071044922
Epoch: [331 | 1000], loss: 4077.040353488938
Epoch: [332 | 1000], loss: 4070.0390200929337
Epoch: [333 | 1000], loss: 4063.1076981951323
Epoch: [334 | 1000], loss: 4056.1986947586984
Epoch: [335 | 1000], loss: 4049.318946752168
Epoch: [336 | 1000], loss: 4042.5378087156882
Epoch: [337 | 1000], loss: 4035.815419611019
Epoch: [338 | 1000], loss: 4029.1620515455847
Epoch: [339 | 1000], loss: 4022.591720761263
Epoch: [340 | 1000], loss: 4015.965847590972
auroc:0.7286900000000001, pr_auc_norm:0.9656084425497734, pr_auc_anom:0.16562550667990172
mean_pos:-13.463449478149414, mean_neg:-19.28827476501465 std_pos:9.095717430114746 std_neg:8.488780975341797
Epoch: [341 | 1000], loss: 4009.2402698186734
Epoch: [342 | 1000], loss: 4002.5680904114647
Epoch: [343 | 1000], loss: 3995.881490309306
Epoch: [344 | 1000], loss: 3989.20617784238
Epoch: [345 | 1000], loss: 3982.573293884197
Epoch: [346 | 1000], loss: 3975.958722280481
Epoch: [347 | 1000], loss: 3969.3811299579033
Epoch: [348 | 1000], loss: 3962.814438194028
Epoch: [349 | 1000], loss: 3956.279322850316
Epoch: [350 | 1000], loss: 3949.7570304795304
auroc:0.7289399999999999, pr_auc_norm:0.9657795500858809, pr_auc_anom:0.16519383573791416
mean_pos:-12.880836486816406, mean_neg:-18.540468215942383 std_pos:8.860949516296387 std_neg:8.24202823638916
Epoch: [351 | 1000], loss: 3943.2527030863016
Epoch: [352 | 1000], loss: 3936.7850273542167
Epoch: [353 | 1000], loss: 3930.3750803274843
Epoch: [354 | 1000], loss: 3924.1010325499515
Epoch: [355 | 1000], loss: 3918.08732935977
Epoch: [356 | 1000], loss: 3911.841018277754
Epoch: [357 | 1000], loss: 3905.594673516779
Epoch: [358 | 1000], loss: 3899.3094961980273
Epoch: [359 | 1000], loss: 3893.0569899173447
Epoch: [360 | 1000], loss: 3886.8606286516288
auroc:0.7384900000000001, pr_auc_norm:0.9667949331091481, pr_auc_anom:0.17402932351996003
mean_pos:-12.94666862487793, mean_neg:-19.123876571655273 std_pos:8.816126823425293 std_neg:8.548933029174805
Epoch: [361 | 1000], loss: 3880.704164396587
Epoch: [362 | 1000], loss: 3874.6305573365053
Epoch: [363 | 1000], loss: 3868.5826667083657
Epoch: [364 | 1000], loss: 3862.4721550513696
Epoch: [365 | 1000], loss: 3856.3901685981036
Epoch: [366 | 1000], loss: 3850.2806278695316
Epoch: [367 | 1000], loss: 3844.192589686755
Epoch: [368 | 1000], loss: 3838.1149439284736
Epoch: [369 | 1000], loss: 3832.0429647525657
Epoch: [370 | 1000], loss: 3826.052309486333
auroc:0.72888, pr_auc_norm:0.9654280083871467, pr_auc_anom:0.16541962620890605
mean_pos:-12.675951957702637, mean_neg:-18.1368465423584 std_pos:8.5393705368042 std_neg:7.82985782623291
Epoch: [371 | 1000], loss: 3820.1440641678855
Epoch: [372 | 1000], loss: 3814.282235528642
Epoch: [373 | 1000], loss: 3808.510729746622
Epoch: [374 | 1000], loss: 3802.710745657929
Epoch: [375 | 1000], loss: 3796.9070857256156
Epoch: [376 | 1000], loss: 3791.0416421821637
Epoch: [377 | 1000], loss: 3785.1813251649346
Epoch: [378 | 1000], loss: 3779.346390372052
Epoch: [379 | 1000], loss: 3773.5289179528213
Epoch: [380 | 1000], loss: 3767.737664318322
auroc:0.7221800000000002, pr_auc_norm:0.9649027438540592, pr_auc_anom:0.1596400024417558
mean_pos:-12.188188552856445, mean_neg:-17.204280853271484 std_pos:8.337947845458984 std_neg:7.591876029968262
Epoch: [381 | 1000], loss: 3761.962859754114
Epoch: [382 | 1000], loss: 3756.2066866724085
Epoch: [383 | 1000], loss: 3750.4769132210754
Epoch: [384 | 1000], loss: 3744.781050892454
Epoch: [385 | 1000], loss: 3739.0990658332257
Epoch: [386 | 1000], loss: 3733.4768970692544
Epoch: [387 | 1000], loss: 3727.945535465139
Epoch: [388 | 1000], loss: 3722.4034606870673
Epoch: [389 | 1000], loss: 3716.865334768204
Epoch: [390 | 1000], loss: 3711.337558883987
auroc:0.7163299999999999, pr_auc_norm:0.9637823934241463, pr_auc_anom:0.1573571931912734
mean_pos:-12.191299438476562, mean_neg:-17.025959014892578 std_pos:8.228104591369629 std_neg:7.541843891143799
Epoch: [391 | 1000], loss: 3705.893346889259
Epoch: [392 | 1000], loss: 3700.489037055474
Epoch: [393 | 1000], loss: 3695.0691576747467
Epoch: [394 | 1000], loss: 3689.6543376956056
Epoch: [395 | 1000], loss: 3684.2500055036994
Epoch: [396 | 1000], loss: 3678.8309621645926
Epoch: [397 | 1000], loss: 3673.4750347225327
Epoch: [398 | 1000], loss: 3668.1162869233417
Epoch: [399 | 1000], loss: 3662.774493054146
Epoch: [400 | 1000], loss: 3657.4228772094725
auroc:0.71648, pr_auc_norm:0.9640549392222755, pr_auc_anom:0.1561914189197942
mean_pos:-11.794759750366211, mean_neg:-16.40801429748535 std_pos:7.9623308181762695 std_neg:7.20074987411499
Epoch: [401 | 1000], loss: 3652.0715474774092
Epoch: [402 | 1000], loss: 3646.7467539113295
Epoch: [403 | 1000], loss: 3641.4624557991465
Epoch: [404 | 1000], loss: 3636.2483906122548
Epoch: [405 | 1000], loss: 3631.1196887692026
Epoch: [406 | 1000], loss: 3625.9292778160684
Epoch: [407 | 1000], loss: 3620.7316830303234
Epoch: [408 | 1000], loss: 3615.5382560580383
Epoch: [409 | 1000], loss: 3610.353112319773
Epoch: [410 | 1000], loss: 3605.1887878872685
auroc:0.71408, pr_auc_norm:0.9636373892071721, pr_auc_anom:0.1553407847190974
mean_pos:-11.617195129394531, mean_neg:-16.139089584350586 std_pos:7.823445796966553 std_neg:7.2109174728393555
Epoch: [411 | 1000], loss: 3600.056831439718
Epoch: [412 | 1000], loss: 3594.9117768007363
Epoch: [413 | 1000], loss: 3589.822390302775
Epoch: [414 | 1000], loss: 3584.7315428609936
Epoch: [415 | 1000], loss: 3579.6763860491683
Epoch: [416 | 1000], loss: 3574.7742559899816
Epoch: [417 | 1000], loss: 3569.980197281273
Epoch: [418 | 1000], loss: 3565.2907127382364
Epoch: [419 | 1000], loss: 3560.4959566244374
Epoch: [420 | 1000], loss: 3555.638437326142
auroc:0.71611, pr_auc_norm:0.9638411151277566, pr_auc_anom:0.15693441040507966
mean_pos:-11.589892387390137, mean_neg:-16.158445358276367 std_pos:7.753866195678711 std_neg:7.1428704261779785
Epoch: [421 | 1000], loss: 3550.7453326217
Epoch: [422 | 1000], loss: 3545.877217420638
Epoch: [423 | 1000], loss: 3541.0183631412615
Epoch: [424 | 1000], loss: 3536.178918892548
Epoch: [425 | 1000], loss: 3531.276731932027
Epoch: [426 | 1000], loss: 3526.389616617943
Epoch: [427 | 1000], loss: 3521.509860432856
Epoch: [428 | 1000], loss: 3516.63176927902
Epoch: [429 | 1000], loss: 3511.813560727122
Epoch: [430 | 1000], loss: 3506.9847922647164
auroc:0.7189300000000001, pr_auc_norm:0.9644485967422636, pr_auc_anom:0.15837938675989136
mean_pos:-11.118412017822266, mean_neg:-15.582256317138672 std_pos:7.497406482696533 std_neg:6.853092193603516
Epoch: [431 | 1000], loss: 3502.1630101576093
Epoch: [432 | 1000], loss: 3497.3846999716197
Epoch: [433 | 1000], loss: 3492.6726017471306
Epoch: [434 | 1000], loss: 3488.0507029894798
Epoch: [435 | 1000], loss: 3483.465606474905
Epoch: [436 | 1000], loss: 3478.766020167767
Epoch: [437 | 1000], loss: 3474.112760803337
Epoch: [438 | 1000], loss: 3469.430930429144
Epoch: [439 | 1000], loss: 3464.7644781391764
Epoch: [440 | 1000], loss: 3460.096189164091
auroc:0.71614, pr_auc_norm:0.9643526094624999, pr_auc_anom:0.1544251582270197
mean_pos:-10.944525718688965, mean_neg:-15.130480766296387 std_pos:7.361480712890625 std_neg:6.593862056732178
Epoch: [441 | 1000], loss: 3455.4478233582436
Epoch: [442 | 1000], loss: 3450.8070623440353
Epoch: [443 | 1000], loss: 3446.1666938354315
Epoch: [444 | 1000], loss: 3441.562249538912
Epoch: [445 | 1000], loss: 3436.9729444092545
Epoch: [446 | 1000], loss: 3432.4385950304195
Epoch: [447 | 1000], loss: 3427.9997270590234
Epoch: [448 | 1000], loss: 3423.4954130856404
Epoch: [449 | 1000], loss: 3419.006320149278
Epoch: [450 | 1000], loss: 3414.5531280411537
auroc:0.70843, pr_auc_norm:0.9628044177811117, pr_auc_anom:0.15161340779501253
mean_pos:-10.934633255004883, mean_neg:-14.911986351013184 std_pos:7.222342014312744 std_neg:6.552436828613281
Epoch: [451 | 1000], loss: 3410.0589232679945
Epoch: [452 | 1000], loss: 3405.563673375591
Epoch: [453 | 1000], loss: 3401.09147372649
Epoch: [454 | 1000], loss: 3396.6811472473023
Epoch: [455 | 1000], loss: 3392.287745267916
Epoch: [456 | 1000], loss: 3387.87089758622
Epoch: [457 | 1000], loss: 3383.4575622230773
Epoch: [458 | 1000], loss: 3379.0668430964706
Epoch: [459 | 1000], loss: 3374.7049711039817
Epoch: [460 | 1000], loss: 3370.378404648611
auroc:0.7164200000000001, pr_auc_norm:0.9642263300396771, pr_auc_anom:0.15459557954646458
mean_pos:-10.801945686340332, mean_neg:-14.909259796142578 std_pos:7.127505779266357 std_neg:6.398168087005615
Epoch: [461 | 1000], loss: 3366.087054951043
Epoch: [462 | 1000], loss: 3361.8236546088483
Epoch: [463 | 1000], loss: 3357.582106644057
Epoch: [464 | 1000], loss: 3353.2997867189606
Epoch: [465 | 1000], loss: 3348.9850786151906
Epoch: [466 | 1000], loss: 3344.6878488424704
Epoch: [467 | 1000], loss: 3340.4171794201193
Epoch: [468 | 1000], loss: 3336.16302611783
Epoch: [469 | 1000], loss: 3331.9170648111726
Epoch: [470 | 1000], loss: 3327.685560239456
auroc:0.71475, pr_auc_norm:0.9640941995556072, pr_auc_anom:0.15302279512640576
mean_pos:-10.429476737976074, mean_neg:-14.362610816955566 std_pos:6.97703742980957 std_neg:6.225374698638916
Epoch: [471 | 1000], loss: 3323.4730866839172
Epoch: [472 | 1000], loss: 3319.287692136603
Epoch: [473 | 1000], loss: 3315.172285730588
Epoch: [474 | 1000], loss: 3311.090356427051
Epoch: [475 | 1000], loss: 3306.9621014699837
Epoch: [476 | 1000], loss: 3302.846261629785
Epoch: [477 | 1000], loss: 3298.7463339867945
Epoch: [478 | 1000], loss: 3294.6933265511334
Epoch: [479 | 1000], loss: 3290.636219576251
Epoch: [480 | 1000], loss: 3286.5873252859406
auroc:0.7119099999999999, pr_auc_norm:0.9637427102335557, pr_auc_anom:0.1518819851587867
mean_pos:-10.315927505493164, mean_neg:-14.182723045349121 std_pos:6.866874694824219 std_neg:6.28053092956543
Epoch: [481 | 1000], loss: 3282.5272873563304
Epoch: [482 | 1000], loss: 3278.5037226914296
Epoch: [483 | 1000], loss: 3274.451127022604
Epoch: [484 | 1000], loss: 3270.411501279583
Epoch: [485 | 1000], loss: 3266.4218944049467
Epoch: [486 | 1000], loss: 3262.4376600226256
Epoch: [487 | 1000], loss: 3258.512035153424
Epoch: [488 | 1000], loss: 3254.578215367961
Epoch: [489 | 1000], loss: 3250.6180229461324
Epoch: [490 | 1000], loss: 3246.6753367201995
auroc:0.71009, pr_auc_norm:0.9633448586169607, pr_auc_anom:0.1526333550955461
mean_pos:-10.345121383666992, mean_neg:-14.21255874633789 std_pos:6.807367324829102 std_neg:6.302257537841797
Epoch: [491 | 1000], loss: 3242.7262323912273
Epoch: [492 | 1000], loss: 3238.7871682543023
Epoch: [493 | 1000], loss: 3234.8703575856557
Epoch: [494 | 1000], loss: 3230.956944438554
Epoch: [495 | 1000], loss: 3227.063488210407
Epoch: [496 | 1000], loss: 3223.186232106497
Epoch: [497 | 1000], loss: 3219.3295355562886
Epoch: [498 | 1000], loss: 3215.4834881825777
Epoch: [499 | 1000], loss: 3211.6473218147053
Epoch: [500 | 1000], loss: 3207.8345524165484
auroc:0.70647, pr_auc_norm:0.9628149629981637, pr_auc_anom:0.1488017128462487
mean_pos:-10.08753490447998, mean_neg:-13.648914337158203 std_pos:6.603937149047852 std_neg:5.936858654022217
Epoch: [501 | 1000], loss: 3204.004963514909
Epoch: [502 | 1000], loss: 3200.1979011541725
Epoch: [503 | 1000], loss: 3196.3780571714424
Epoch: [504 | 1000], loss: 3192.5781991753297
Epoch: [505 | 1000], loss: 3188.773051850107
Epoch: [506 | 1000], loss: 3184.9600357201507
Epoch: [507 | 1000], loss: 3181.167394363324
Epoch: [508 | 1000], loss: 3177.4152803899156
Epoch: [509 | 1000], loss: 3173.669944368292
Epoch: [510 | 1000], loss: 3169.905954527612
auroc:0.70518, pr_auc_norm:0.9626941973107014, pr_auc_anom:0.14793718080587248
mean_pos:-9.783173561096191, mean_neg:-13.239276885986328 std_pos:6.490547180175781 std_neg:5.794315338134766
Epoch: [511 | 1000], loss: 3166.160550026112
Epoch: [512 | 1000], loss: 3162.4094226746124
Epoch: [513 | 1000], loss: 3158.6699979302343
Epoch: [514 | 1000], loss: 3154.9375145681224
Epoch: [515 | 1000], loss: 3151.209652532081
Epoch: [516 | 1000], loss: 3147.5048904967357
Epoch: [517 | 1000], loss: 3143.9078768544728
Epoch: [518 | 1000], loss: 3140.3976521988425
Epoch: [519 | 1000], loss: 3136.7804712619673
Epoch: [520 | 1000], loss: 3133.166251676546
auroc:0.68656, pr_auc_norm:0.9586590881998659, pr_auc_anom:0.14100988501834638
mean_pos:-10.163359642028809, mean_neg:-13.183272361755371 std_pos:6.365975856781006 std_neg:5.722121238708496
Epoch: [521 | 1000], loss: 3129.6774267066926
Epoch: [522 | 1000], loss: 3126.2258057316667
Epoch: [523 | 1000], loss: 3122.7107368094466
Epoch: [524 | 1000], loss: 3119.1897272694237
Epoch: [525 | 1000], loss: 3115.6960278075117
Epoch: [526 | 1000], loss: 3112.231816106665
Epoch: [527 | 1000], loss: 3108.7516416012254
Epoch: [528 | 1000], loss: 3105.244805629089
Epoch: [529 | 1000], loss: 3101.7426207327626
Epoch: [530 | 1000], loss: 3098.2110693200243
auroc:0.7059300000000001, pr_auc_norm:0.9629354071864824, pr_auc_anom:0.14735792040696982
mean_pos:-9.494722366333008, mean_neg:-12.789732933044434 std_pos:6.250804424285889 std_neg:5.5415215492248535
Epoch: [531 | 1000], loss: 3094.6782057081004
Epoch: [532 | 1000], loss: 3091.1561175670613
Epoch: [533 | 1000], loss: 3087.6257325472143
Epoch: [534 | 1000], loss: 3084.117032293645
Epoch: [535 | 1000], loss: 3080.6288182212293
Epoch: [536 | 1000], loss: 3077.132274523131
Epoch: [537 | 1000], loss: 3073.648687154144
Epoch: [538 | 1000], loss: 3070.1725325567586
Epoch: [539 | 1000], loss: 3066.698353539755
Epoch: [540 | 1000], loss: 3063.246034485891
auroc:0.7000200000000001, pr_auc_norm:0.9618883066402162, pr_auc_anom:0.14473832974858009
mean_pos:-9.380000114440918, mean_neg:-12.502224922180176 std_pos:6.136669635772705 std_neg:5.490557670593262
Epoch: [541 | 1000], loss: 3059.7990609652493
Epoch: [542 | 1000], loss: 3056.3934397190505
Epoch: [543 | 1000], loss: 3053.019786231646
Epoch: [544 | 1000], loss: 3049.65519872288
Epoch: [545 | 1000], loss: 3046.320465412665
Epoch: [546 | 1000], loss: 3042.987914519969
Epoch: [547 | 1000], loss: 3039.636146495655
Epoch: [548 | 1000], loss: 3036.310312749487
Epoch: [549 | 1000], loss: 3032.9806081312936
Epoch: [550 | 1000], loss: 3029.6683804187114
auroc:0.6995399999999999, pr_auc_norm:0.9620024997146713, pr_auc_anom:0.14409322664131874
mean_pos:-9.385611534118652, mean_neg:-12.477441787719727 std_pos:6.083498954772949 std_neg:5.426736354827881
Epoch: [551 | 1000], loss: 3026.399493919565
Epoch: [552 | 1000], loss: 3023.182608320515
Epoch: [553 | 1000], loss: 3020.0976778787003
Epoch: [554 | 1000], loss: 3016.88520757001
Epoch: [555 | 1000], loss: 3013.609642150629
Epoch: [556 | 1000], loss: 3010.340899405919
Epoch: [557 | 1000], loss: 3007.0722885503906
Epoch: [558 | 1000], loss: 3003.7839365515983
Epoch: [559 | 1000], loss: 3000.4962351276313
Epoch: [560 | 1000], loss: 2997.2079509063324
auroc:0.6980000000000001, pr_auc_norm:0.9618634993473236, pr_auc_anom:0.14244574747475433
mean_pos:-9.015738487243652, mean_neg:-11.941807746887207 std_pos:5.938094615936279 std_neg:5.20247220993042
Epoch: [561 | 1000], loss: 2993.9313458648567
Epoch: [562 | 1000], loss: 2990.6620019404877
Epoch: [563 | 1000], loss: 2987.409703386289
Epoch: [564 | 1000], loss: 2984.1759794698355
Epoch: [565 | 1000], loss: 2980.9567329659376
Epoch: [566 | 1000], loss: 2977.741858671282
Epoch: [567 | 1000], loss: 2974.530275949365
Epoch: [568 | 1000], loss: 2971.3395560989675
Epoch: [569 | 1000], loss: 2968.1755758465624
Epoch: [570 | 1000], loss: 2965.0091344066177
auroc:0.69702, pr_auc_norm:0.9615571249425802, pr_auc_anom:0.1421533469895145
mean_pos:-9.057507514953613, mean_neg:-11.944357872009277 std_pos:5.873509407043457 std_neg:5.127625465393066
Epoch: [571 | 1000], loss: 2961.8450317363377
Epoch: [572 | 1000], loss: 2958.7042381815295
Epoch: [573 | 1000], loss: 2955.5871800727487
Epoch: [574 | 1000], loss: 2952.468493651184
Epoch: [575 | 1000], loss: 2949.3464865218934
Epoch: [576 | 1000], loss: 2946.233653172965
Epoch: [577 | 1000], loss: 2943.1085783126346
Epoch: [578 | 1000], loss: 2940.0045669575825
Epoch: [579 | 1000], loss: 2936.8918114379558
Epoch: [580 | 1000], loss: 2933.786149321075
auroc:0.69711, pr_auc_norm:0.9615034808768637, pr_auc_anom:0.1419986702814257
mean_pos:-8.867332458496094, mean_neg:-11.720569610595703 std_pos:5.765727996826172 std_neg:5.0904154777526855
Epoch: [581 | 1000], loss: 2930.7014676858817
Epoch: [582 | 1000], loss: 2927.6095286175373
Epoch: [583 | 1000], loss: 2924.561693108953
Epoch: [584 | 1000], loss: 2921.598906572658
Epoch: [585 | 1000], loss: 2918.6918133267013
Epoch: [586 | 1000], loss: 2915.837819556823
Epoch: [587 | 1000], loss: 2912.8962543640564
Epoch: [588 | 1000], loss: 2909.946030256829
Epoch: [589 | 1000], loss: 2906.969032587027
Epoch: [590 | 1000], loss: 2903.9651739007277
auroc:0.6990400000000001, pr_auc_norm:0.961909424312306, pr_auc_anom:0.14280557923306478
mean_pos:-8.820113182067871, mean_neg:-11.666953086853027 std_pos:5.670085906982422 std_neg:5.003577709197998
Epoch: [591 | 1000], loss: 2900.967447633883
Epoch: [592 | 1000], loss: 2897.963958385196
Epoch: [593 | 1000], loss: 2894.9551832783845
Epoch: [594 | 1000], loss: 2891.946390507899
Epoch: [595 | 1000], loss: 2888.9478673781123
Epoch: [596 | 1000], loss: 2885.960304409025
Epoch: [597 | 1000], loss: 2882.981202162639
Epoch: [598 | 1000], loss: 2880.0144709771803
Epoch: [599 | 1000], loss: 2877.0523783869185
Epoch: [600 | 1000], loss: 2874.122397396573
auroc:0.68478, pr_auc_norm:0.9595855843787017, pr_auc_anom:0.13659822594306004
mean_pos:-8.949034690856934, mean_neg:-11.505038261413574 std_pos:5.631209850311279 std_neg:4.8852858543396
Epoch: [601 | 1000], loss: 2871.270523168506
Epoch: [602 | 1000], loss: 2868.4925821893403
Epoch: [603 | 1000], loss: 2865.6745381678697
Epoch: [604 | 1000], loss: 2862.8322873643187
Epoch: [605 | 1000], loss: 2859.9522109092522
Epoch: [606 | 1000], loss: 2857.0618213663406
Epoch: [607 | 1000], loss: 2854.181764969254
Epoch: [608 | 1000], loss: 2851.3065225267183
Epoch: [609 | 1000], loss: 2848.4330888986024
Epoch: [610 | 1000], loss: 2845.5753287977514
auroc:0.68873, pr_auc_norm:0.9601127327233254, pr_auc_anom:0.14031138680373362
mean_pos:-8.87991714477539, mean_neg:-11.576668739318848 std_pos:5.542407035827637 std_neg:5.013376712799072
Epoch: [611 | 1000], loss: 2842.744451839457
Epoch: [612 | 1000], loss: 2839.9230101799244
Epoch: [613 | 1000], loss: 2837.1038932772008
Epoch: [614 | 1000], loss: 2834.284946490766
Epoch: [615 | 1000], loss: 2831.486131905589
Epoch: [616 | 1000], loss: 2828.6935616042174
Epoch: [617 | 1000], loss: 2825.8965478324976
Epoch: [618 | 1000], loss: 2823.0984962212433
Epoch: [619 | 1000], loss: 2820.339775883639
Epoch: [620 | 1000], loss: 2817.603218940086
auroc:0.69337, pr_auc_norm:0.9597871972755354, pr_auc_anom:0.14502131000635282
mean_pos:-8.847817420959473, mean_neg:-11.666250228881836 std_pos:5.438467025756836 std_neg:5.0400872230529785
Epoch: [621 | 1000], loss: 2814.8732841310093
Epoch: [622 | 1000], loss: 2812.136772246128
Epoch: [623 | 1000], loss: 2809.4064323284797
Epoch: [624 | 1000], loss: 2806.6642932207155
Epoch: [625 | 1000], loss: 2803.927893353693
Epoch: [626 | 1000], loss: 2801.24374670201
Epoch: [627 | 1000], loss: 2798.565182809187
Epoch: [628 | 1000], loss: 2795.8631768109663
Epoch: [629 | 1000], loss: 2793.1480203289852
Epoch: [630 | 1000], loss: 2790.4210428662323
auroc:0.6920599999999999, pr_auc_norm:0.9607575690048025, pr_auc_anom:0.13897463177199906
mean_pos:-8.338677406311035, mean_neg:-10.854565620422363 std_pos:5.284276962280273 std_neg:4.576848983764648
Epoch: [631 | 1000], loss: 2787.6915626610953
Epoch: [632 | 1000], loss: 2784.972162736864
Epoch: [633 | 1000], loss: 2782.2603457449195
Epoch: [634 | 1000], loss: 2779.5510631130473
Epoch: [635 | 1000], loss: 2776.8481251251287
Epoch: [636 | 1000], loss: 2774.158385793556
Epoch: [637 | 1000], loss: 2771.4746760636826
Epoch: [638 | 1000], loss: 2768.7986636619535
Epoch: [639 | 1000], loss: 2766.147418199171
Epoch: [640 | 1000], loss: 2763.512582869443
auroc:0.66866, pr_auc_norm:0.9563693931966523, pr_auc_anom:0.13029440939662706
mean_pos:-8.680392265319824, mean_neg:-10.861893653869629 std_pos:5.280571937561035 std_neg:4.579948425292969
Epoch: [641 | 1000], loss: 2761.0120381008956
Epoch: [642 | 1000], loss: 2758.563584844502
Epoch: [643 | 1000], loss: 2755.983144218869
Epoch: [644 | 1000], loss: 2753.3694880759845
Epoch: [645 | 1000], loss: 2750.7515894552585
Epoch: [646 | 1000], loss: 2748.132646824509
Epoch: [647 | 1000], loss: 2745.522961536583
Epoch: [648 | 1000], loss: 2742.91583302302
Epoch: [649 | 1000], loss: 2740.328209033073
Epoch: [650 | 1000], loss: 2737.728383281318
auroc:0.67947, pr_auc_norm:0.9585990592497529, pr_auc_anom:0.1338963231419478
mean_pos:-8.277194023132324, mean_neg:-10.521381378173828 std_pos:5.122501373291016 std_neg:4.473091125488281
Epoch: [651 | 1000], loss: 2735.1343964592143
Epoch: [652 | 1000], loss: 2732.554257426818
Epoch: [653 | 1000], loss: 2729.9851242547643
Epoch: [654 | 1000], loss: 2727.4285335707273
Epoch: [655 | 1000], loss: 2724.861802754706
Epoch: [656 | 1000], loss: 2722.305480991541
Epoch: [657 | 1000], loss: 2719.7514344043766
Epoch: [658 | 1000], loss: 2717.196754179736
Epoch: [659 | 1000], loss: 2714.669797688959
Epoch: [660 | 1000], loss: 2712.1523153637763
auroc:0.6775100000000001, pr_auc_norm:0.9585046085586477, pr_auc_anom:0.1323138903194786
mean_pos:-8.182799339294434, mean_neg:-10.372901916503906 std_pos:5.0803680419921875 std_neg:4.410581588745117
Epoch: [661 | 1000], loss: 2709.611829801582
Epoch: [662 | 1000], loss: 2707.066658723994
Epoch: [663 | 1000], loss: 2704.52416622244
Epoch: [664 | 1000], loss: 2701.9847529022118
Epoch: [665 | 1000], loss: 2699.452587374642
Epoch: [666 | 1000], loss: 2696.9257128053123
Epoch: [667 | 1000], loss: 2694.4189319504844
Epoch: [668 | 1000], loss: 2691.91825142185
Epoch: [669 | 1000], loss: 2689.459396592462
Epoch: [670 | 1000], loss: 2687.073021929261
auroc:0.68193, pr_auc_norm:0.9581321771857747, pr_auc_anom:0.1371423565646997
mean_pos:-8.802202224731445, mean_neg:-11.183345794677734 std_pos:5.041457176208496 std_neg:4.513775825500488
Epoch: [671 | 1000], loss: 2684.7265151917586
Epoch: [672 | 1000], loss: 2682.3043974201814
Epoch: [673 | 1000], loss: 2679.897137718793
Epoch: [674 | 1000], loss: 2677.4584301086047
Epoch: [675 | 1000], loss: 2675.0018455854115
Epoch: [676 | 1000], loss: 2672.5501123526224
Epoch: [677 | 1000], loss: 2670.1184034563653
Epoch: [678 | 1000], loss: 2667.681800773459
Epoch: [679 | 1000], loss: 2665.2487799489845
Epoch: [680 | 1000], loss: 2662.8182908233807
auroc:0.6736, pr_auc_norm:0.9577316605750423, pr_auc_anom:0.13046943545444778
mean_pos:-7.977005958557129, mean_neg:-10.013862609863281 std_pos:4.91567325592041 std_neg:4.223199367523193
Epoch: [681 | 1000], loss: 2660.3892424089245
Epoch: [682 | 1000], loss: 2657.959906420788
Epoch: [683 | 1000], loss: 2655.5313551790177
Epoch: [684 | 1000], loss: 2653.1154622227104
Epoch: [685 | 1000], loss: 2650.706682623668
Epoch: [686 | 1000], loss: 2648.2972247529606
Epoch: [687 | 1000], loss: 2645.8977062679755
Epoch: [688 | 1000], loss: 2643.517050771895
Epoch: [689 | 1000], loss: 2641.189316068338
Epoch: [690 | 1000], loss: 2638.860494694203
auroc:0.66591, pr_auc_norm:0.9558797698059494, pr_auc_anom:0.1287408788973197
mean_pos:-8.214229583740234, mean_neg:-10.197042465209961 std_pos:4.92191743850708 std_neg:4.243781566619873
Epoch: [691 | 1000], loss: 2636.59426890691
Epoch: [692 | 1000], loss: 2634.423518740263
Epoch: [693 | 1000], loss: 2632.1374572156606
Epoch: [694 | 1000], loss: 2629.826649969439
Epoch: [695 | 1000], loss: 2627.4904694037027
Epoch: [696 | 1000], loss: 2625.1484102459212
Epoch: [697 | 1000], loss: 2622.8064725682357
Epoch: [698 | 1000], loss: 2620.471433320737
Epoch: [699 | 1000], loss: 2618.1348696202062
Epoch: [700 | 1000], loss: 2615.79140109895
auroc:0.68391, pr_auc_norm:0.9594302250967537, pr_auc_anom:0.1352418738541355
mean_pos:-7.651281356811523, mean_neg:-9.806910514831543 std_pos:4.754162788391113 std_neg:4.071211338043213
Epoch: [701 | 1000], loss: 2613.448296235314
Epoch: [702 | 1000], loss: 2611.123698140826
Epoch: [703 | 1000], loss: 2608.7912068480737
Epoch: [704 | 1000], loss: 2606.468745443486
Epoch: [705 | 1000], loss: 2604.1511573698044
Epoch: [706 | 1000], loss: 2601.841430278329
Epoch: [707 | 1000], loss: 2599.5310588328994
Epoch: [708 | 1000], loss: 2597.2181128763555
Epoch: [709 | 1000], loss: 2594.9066323406846
Epoch: [710 | 1000], loss: 2592.6096812911383
auroc:0.6720400000000001, pr_auc_norm:0.9576560587330405, pr_auc_anom:0.1294333877975886
mean_pos:-7.5465898513793945, mean_neg:-9.447734832763672 std_pos:4.664734840393066 std_neg:3.971559762954712
Epoch: [711 | 1000], loss: 2590.323277577433
Epoch: [712 | 1000], loss: 2588.0527727778963
Epoch: [713 | 1000], loss: 2585.81203313265
Epoch: [714 | 1000], loss: 2583.645001365248
Epoch: [715 | 1000], loss: 2581.561250617724
Epoch: [716 | 1000], loss: 2579.3566780433634
Epoch: [717 | 1000], loss: 2577.165995444318
Epoch: [718 | 1000], loss: 2574.974126427255
Epoch: [719 | 1000], loss: 2572.767153988929
Epoch: [720 | 1000], loss: 2570.5416754205876
auroc:0.6790499999999999, pr_auc_norm:0.9586345368154878, pr_auc_anom:0.13304679143329384
mean_pos:-7.600526332855225, mean_neg:-9.662569999694824 std_pos:4.668506145477295 std_neg:4.0028252601623535
Epoch: [721 | 1000], loss: 2568.3291461302465
Epoch: [722 | 1000], loss: 2566.1270635065653
Epoch: [723 | 1000], loss: 2563.9187851712304
Epoch: [724 | 1000], loss: 2561.7190775123186
Epoch: [725 | 1000], loss: 2559.509618433153
Epoch: [726 | 1000], loss: 2557.309928406205
Epoch: [727 | 1000], loss: 2555.108047802472
Epoch: [728 | 1000], loss: 2552.899514696729
Epoch: [729 | 1000], loss: 2550.6960258722693
Epoch: [730 | 1000], loss: 2548.4982477315903
auroc:0.67055, pr_auc_norm:0.9575772868902177, pr_auc_anom:0.12832632413870576
mean_pos:-7.433227062225342, mean_neg:-9.267281532287598 std_pos:4.543304443359375 std_neg:3.846308708190918
Epoch: [731 | 1000], loss: 2546.306003384267
Epoch: [732 | 1000], loss: 2544.1324442903356
Epoch: [733 | 1000], loss: 2541.9630840474765
Epoch: [734 | 1000], loss: 2539.8108965536803
Epoch: [735 | 1000], loss: 2537.666015328468
Epoch: [736 | 1000], loss: 2535.527780297321
Epoch: [737 | 1000], loss: 2533.426470823042
Epoch: [738 | 1000], loss: 2531.3390802686135
Epoch: [739 | 1000], loss: 2529.2590337269057
Epoch: [740 | 1000], loss: 2527.1681611442095
auroc:0.66142, pr_auc_norm:0.9553390180973045, pr_auc_anom:0.1261461475517099
mean_pos:-7.715184688568115, mean_neg:-9.45682144165039 std_pos:4.527191162109375 std_neg:3.8829758167266846
Epoch: [741 | 1000], loss: 2525.081517284114
Epoch: [742 | 1000], loss: 2522.9595811331164
Epoch: [743 | 1000], loss: 2520.8338025402695
Epoch: [744 | 1000], loss: 2518.701790376814
Epoch: [745 | 1000], loss: 2516.570773758949
Epoch: [746 | 1000], loss: 2514.441473257468
Epoch: [747 | 1000], loss: 2512.322326672338
Epoch: [748 | 1000], loss: 2510.2028580849833
Epoch: [749 | 1000], loss: 2508.081911378405
Epoch: [750 | 1000], loss: 2505.97312720348
auroc:0.66265, pr_auc_norm:0.9565759256368486, pr_auc_anom:0.1246321232329648
mean_pos:-7.3101959228515625, mean_neg:-8.953696250915527 std_pos:4.416924476623535 std_neg:3.6695122718811035
Epoch: [751 | 1000], loss: 2503.8695199443473
Epoch: [752 | 1000], loss: 2501.767937609084
Epoch: [753 | 1000], loss: 2499.6685595823974
Epoch: [754 | 1000], loss: 2497.58034925017
Epoch: [755 | 1000], loss: 2495.491834873482
Epoch: [756 | 1000], loss: 2493.41996889541
Epoch: [757 | 1000], loss: 2491.364264561037
Epoch: [758 | 1000], loss: 2489.304129298579
Epoch: [759 | 1000], loss: 2487.255888992805
Epoch: [760 | 1000], loss: 2485.2285868800404
auroc:0.65503, pr_auc_norm:0.9542841960683995, pr_auc_anom:0.12358038147090257
mean_pos:-7.477234363555908, mean_neg:-9.05654525756836 std_pos:4.35506010055542 std_neg:3.7076892852783203
Epoch: [761 | 1000], loss: 2483.2054692579095
Epoch: [762 | 1000], loss: 2481.190304823784
Epoch: [763 | 1000], loss: 2479.1911643912304
Epoch: [764 | 1000], loss: 2477.1987178458603
Epoch: [765 | 1000], loss: 2475.225675749481
Epoch: [766 | 1000], loss: 2473.2732562421015
Epoch: [767 | 1000], loss: 2471.357495513478
Epoch: [768 | 1000], loss: 2469.423689925887
Epoch: [769 | 1000], loss: 2467.4534785053215
Epoch: [770 | 1000], loss: 2465.4760716232786
auroc:0.68893, pr_auc_norm:0.9589297444966783, pr_auc_anom:0.14128370573420085
mean_pos:-7.435821056365967, mean_neg:-9.649269104003906 std_pos:4.387076377868652 std_neg:3.8702166080474854
Epoch: [771 | 1000], loss: 2463.4976086293364
Epoch: [772 | 1000], loss: 2461.503974142052
Epoch: [773 | 1000], loss: 2459.5162332904506
Epoch: [774 | 1000], loss: 2457.5356493582894
Epoch: [775 | 1000], loss: 2455.538428818474
Epoch: [776 | 1000], loss: 2453.5558254388525
Epoch: [777 | 1000], loss: 2451.569562993566
Epoch: [778 | 1000], loss: 2449.57678728154
Epoch: [779 | 1000], loss: 2447.585528715741
Epoch: [780 | 1000], loss: 2445.597486651085
auroc:0.66204, pr_auc_norm:0.956254559923563, pr_auc_anom:0.12478500105096862
mean_pos:-7.063064098358154, mean_neg:-8.651006698608398 std_pos:4.241427421569824 std_neg:3.5237696170806885
Epoch: [781 | 1000], loss: 2443.6091350433844
Epoch: [782 | 1000], loss: 2441.6209890848536
Epoch: [783 | 1000], loss: 2439.6441229484026
Epoch: [784 | 1000], loss: 2437.696171676551
Epoch: [785 | 1000], loss: 2435.7669269469616
Epoch: [786 | 1000], loss: 2433.885751127463
Epoch: [787 | 1000], loss: 2432.0092181343607
Epoch: [788 | 1000], loss: 2430.0782250061175
Epoch: [789 | 1000], loss: 2428.137120390724
Epoch: [790 | 1000], loss: 2426.1920111548948
auroc:0.65231, pr_auc_norm:0.954481606212624, pr_auc_anom:0.12145820782817038
mean_pos:-7.08651876449585, mean_neg:-8.519432067871094 std_pos:4.172568321228027 std_neg:3.465287446975708
Epoch: [791 | 1000], loss: 2424.25032443486
Epoch: [792 | 1000], loss: 2422.3114478676816
Epoch: [793 | 1000], loss: 2420.378492517704
Epoch: [794 | 1000], loss: 2418.4402880219254
Epoch: [795 | 1000], loss: 2416.514591421102
Epoch: [796 | 1000], loss: 2414.600951459178
Epoch: [797 | 1000], loss: 2412.6966111393176
Epoch: [798 | 1000], loss: 2410.802554434626
Epoch: [799 | 1000], loss: 2408.928479185852
Epoch: [800 | 1000], loss: 2407.075160036122
auroc:0.6368, pr_auc_norm:0.9516394291994676, pr_auc_anom:0.11683027948923927
mean_pos:-7.277619361877441, mean_neg:-8.533665657043457 std_pos:4.137210369110107 std_neg:3.4691648483276367
Epoch: [801 | 1000], loss: 2405.200398850303
Epoch: [802 | 1000], loss: 2403.3132818975732
Epoch: [803 | 1000], loss: 2401.421157603567
Epoch: [804 | 1000], loss: 2399.5390961527037
Epoch: [805 | 1000], loss: 2397.6574442887913
Epoch: [806 | 1000], loss: 2395.784904922014
Epoch: [807 | 1000], loss: 2393.914206074049
Epoch: [808 | 1000], loss: 2392.0421931151245
Epoch: [809 | 1000], loss: 2390.1716440411583
Epoch: [810 | 1000], loss: 2388.30230733496
auroc:0.65495, pr_auc_norm:0.9550990002935599, pr_auc_anom:0.12179626098675939
mean_pos:-6.9453887939453125, mean_neg:-8.370925903320312 std_pos:4.063337802886963 std_neg:3.3288204669952393
Epoch: [811 | 1000], loss: 2386.4361944538346
Epoch: [812 | 1000], loss: 2384.567877595238
Epoch: [813 | 1000], loss: 2382.7045349865007
Epoch: [814 | 1000], loss: 2380.8499780153466
Epoch: [815 | 1000], loss: 2378.9947581049787
Epoch: [816 | 1000], loss: 2377.148195251356
Epoch: [817 | 1000], loss: 2375.310522716298
Epoch: [818 | 1000], loss: 2373.485103174783
Epoch: [819 | 1000], loss: 2371.6666614627234
Epoch: [820 | 1000], loss: 2369.855093987915
auroc:0.66767, pr_auc_norm:0.9564876806293352, pr_auc_anom:0.12801413439748974
mean_pos:-7.002307415008545, mean_neg:-8.65553092956543 std_pos:4.077484607696533 std_neg:3.4476606845855713
Epoch: [821 | 1000], loss: 2368.0567493699004
Epoch: [822 | 1000], loss: 2366.3067401529406
Epoch: [823 | 1000], loss: 2364.5777232415617
Epoch: [824 | 1000], loss: 2362.837405279417
Epoch: [825 | 1000], loss: 2361.055506397157
Epoch: [826 | 1000], loss: 2359.2579781385048
Epoch: [827 | 1000], loss: 2357.4529358680393
Epoch: [828 | 1000], loss: 2355.6470452220115
Epoch: [829 | 1000], loss: 2353.8370169671443
Epoch: [830 | 1000], loss: 2352.0334035899905
auroc:0.65155, pr_auc_norm:0.9541034049454951, pr_auc_anom:0.12159707677727823
mean_pos:-6.789175510406494, mean_neg:-8.169132232666016 std_pos:3.9672560691833496 std_neg:3.283371925354004
Epoch: [831 | 1000], loss: 2350.2325314667914
Epoch: [832 | 1000], loss: 2348.4346456867834
Epoch: [833 | 1000], loss: 2346.6414831153966
Epoch: [834 | 1000], loss: 2344.8560375397747
Epoch: [835 | 1000], loss: 2343.0751419698336
Epoch: [836 | 1000], loss: 2341.2973909240163
Epoch: [837 | 1000], loss: 2339.520035978723
Epoch: [838 | 1000], loss: 2337.7476558014732
Epoch: [839 | 1000], loss: 2336.0015074233934
Epoch: [840 | 1000], loss: 2334.3068518028094
auroc:0.68404, pr_auc_norm:0.959559930648882, pr_auc_anom:0.1338444201156555
mean_pos:-7.001461029052734, mean_neg:-8.836197853088379 std_pos:3.9837706089019775 std_neg:3.2740745544433594
Epoch: [841 | 1000], loss: 2332.591637300692
Epoch: [842 | 1000], loss: 2330.8456798642924
Epoch: [843 | 1000], loss: 2329.0916657295174
Epoch: [844 | 1000], loss: 2327.3363508706543
Epoch: [845 | 1000], loss: 2325.5867331529835
Epoch: [846 | 1000], loss: 2323.853325896174
Epoch: [847 | 1000], loss: 2322.1243772568005
Epoch: [848 | 1000], loss: 2320.4142281278737
Epoch: [849 | 1000], loss: 2318.7404694130933
Epoch: [850 | 1000], loss: 2317.0691568711877
auroc:0.70197, pr_auc_norm:0.960453134707466, pr_auc_anom:0.15245990571008833
mean_pos:-6.861304759979248, mean_neg:-9.199372291564941 std_pos:3.921891689300537 std_neg:3.7016260623931885
Epoch: [851 | 1000], loss: 2315.3793655637733
Epoch: [852 | 1000], loss: 2313.6920668718158
Epoch: [853 | 1000], loss: 2312.00201570233
Epoch: [854 | 1000], loss: 2310.3082027984483
Epoch: [855 | 1000], loss: 2308.6116385004184
Epoch: [856 | 1000], loss: 2306.9061952450606
Epoch: [857 | 1000], loss: 2305.203650552125
Epoch: [858 | 1000], loss: 2303.504542337342
Epoch: [859 | 1000], loss: 2301.798497421938
Epoch: [860 | 1000], loss: 2300.0983184560246
auroc:0.6632100000000001, pr_auc_norm:0.9557285982953958, pr_auc_anom:0.1267163554676488
mean_pos:-6.587925434112549, mean_neg:-8.108896255493164 std_pos:3.837474822998047 std_neg:3.2442986965179443
Epoch: [861 | 1000], loss: 2298.4086919905017
Epoch: [862 | 1000], loss: 2296.7370682041415
Epoch: [863 | 1000], loss: 2295.1130355129326
Epoch: [864 | 1000], loss: 2293.532614774993
Epoch: [865 | 1000], loss: 2291.9142875359476
Epoch: [866 | 1000], loss: 2290.2574305118014
Epoch: [867 | 1000], loss: 2288.5984749854547
Epoch: [868 | 1000], loss: 2286.924654088558
Epoch: [869 | 1000], loss: 2285.2455067230744
Epoch: [870 | 1000], loss: 2283.5638461583694
auroc:0.6443300000000001, pr_auc_norm:0.953666952756592, pr_auc_anom:0.11772994972675689
mean_pos:-6.466004848480225, mean_neg:-7.645109176635742 std_pos:3.757150173187256 std_neg:3.0173566341400146
Epoch: [871 | 1000], loss: 2281.880895058238
Epoch: [872 | 1000], loss: 2280.196572533131
Epoch: [873 | 1000], loss: 2278.5149199850266
Epoch: [874 | 1000], loss: 2276.8381133135517
Epoch: [875 | 1000], loss: 2275.165371580002
Epoch: [876 | 1000], loss: 2273.4907755219683
Epoch: [877 | 1000], loss: 2271.8220933531293
Epoch: [878 | 1000], loss: 2270.160104547194
Epoch: [879 | 1000], loss: 2268.5044123540965
Epoch: [880 | 1000], loss: 2266.8553923917407
auroc:0.6341, pr_auc_norm:0.9516480815187867, pr_auc_anom:0.1146901523504245
mean_pos:-6.458909034729004, mean_neg:-7.51141357421875 std_pos:3.6954739093780518 std_neg:2.9596903324127197
Epoch: [881 | 1000], loss: 2265.204907864185
Epoch: [882 | 1000], loss: 2263.5594200524006
Epoch: [883 | 1000], loss: 2261.9112111082954
Epoch: [884 | 1000], loss: 2260.2638594342025
Epoch: [885 | 1000], loss: 2258.618348876828
Epoch: [886 | 1000], loss: 2256.978900820589
Epoch: [887 | 1000], loss: 2255.3587147028256
Epoch: [888 | 1000], loss: 2253.7459719959857
Epoch: [889 | 1000], loss: 2252.1373000142753
Epoch: [890 | 1000], loss: 2250.529540845674
auroc:0.65356, pr_auc_norm:0.9538086662015731, pr_auc_anom:0.1264718329923324
mean_pos:-6.523375034332275, mean_neg:-8.001025199890137 std_pos:3.767852783203125 std_neg:3.394941568374634
Epoch: [891 | 1000], loss: 2248.9269763714174
Epoch: [892 | 1000], loss: 2247.3319987728523
Epoch: [893 | 1000], loss: 2245.7450792907757
Epoch: [894 | 1000], loss: 2244.159782539447
Epoch: [895 | 1000], loss: 2242.572064439858
Epoch: [896 | 1000], loss: 2241.001136559945
Epoch: [897 | 1000], loss: 2239.429117012739
Epoch: [898 | 1000], loss: 2237.8551702437217
Epoch: [899 | 1000], loss: 2236.285862049215
Epoch: [900 | 1000], loss: 2234.711393674538
auroc:0.6460699999999999, pr_auc_norm:0.953055635994998, pr_auc_anom:0.12023990292306876
mean_pos:-6.481685161590576, mean_neg:-7.724811553955078 std_pos:3.6782968044281006 std_neg:3.0750625133514404
Epoch: [901 | 1000], loss: 2233.151863875479
Epoch: [902 | 1000], loss: 2231.602835499218
Epoch: [903 | 1000], loss: 2230.050588125008
Epoch: [904 | 1000], loss: 2228.500642476285
Epoch: [905 | 1000], loss: 2226.968153898966
Epoch: [906 | 1000], loss: 2225.4520267506937
Epoch: [907 | 1000], loss: 2223.939838477008
Epoch: [908 | 1000], loss: 2222.424619176801
Epoch: [909 | 1000], loss: 2220.921250225853
Epoch: [910 | 1000], loss: 2219.4248782343143
auroc:0.62161, pr_auc_norm:0.948254732595222, pr_auc_anom:0.11268454594059879
mean_pos:-6.790032386779785, mean_neg:-7.7772932052612305 std_pos:3.6843650341033936 std_neg:3.055267095565796
Epoch: [911 | 1000], loss: 2217.903486207041
Epoch: [912 | 1000], loss: 2216.364005653345
Epoch: [913 | 1000], loss: 2214.8193660382913
Epoch: [914 | 1000], loss: 2213.268712306572
Epoch: [915 | 1000], loss: 2211.7123507215306
Epoch: [916 | 1000], loss: 2210.160645100047
Epoch: [917 | 1000], loss: 2208.6064602868373
Epoch: [918 | 1000], loss: 2207.0527181527523
Epoch: [919 | 1000], loss: 2205.5038421340446
Epoch: [920 | 1000], loss: 2203.9600917772136
auroc:0.62614, pr_auc_norm:0.9501074842354565, pr_auc_anom:0.11229941221283381
mean_pos:-6.230234146118164, mean_neg:-7.146270751953125 std_pos:3.5299501419067383 std_neg:2.8113086223602295
Epoch: [921 | 1000], loss: 2202.4207643307727
Epoch: [922 | 1000], loss: 2200.88212830974
Epoch: [923 | 1000], loss: 2199.3535375416286
Epoch: [924 | 1000], loss: 2197.8270168655436
Epoch: [925 | 1000], loss: 2196.305283203365
Epoch: [926 | 1000], loss: 2194.7833098141655
Epoch: [927 | 1000], loss: 2193.260394966475
Epoch: [928 | 1000], loss: 2191.7394276734353
Epoch: [929 | 1000], loss: 2190.2209506748495
Epoch: [930 | 1000], loss: 2188.6977641002545
auroc:0.62654, pr_auc_norm:0.9504685198345528, pr_auc_anom:0.11212120031542996
mean_pos:-6.122397422790527, mean_neg:-7.042375564575195 std_pos:3.484893798828125 std_neg:2.767240285873413
Epoch: [931 | 1000], loss: 2187.1863901602246
Epoch: [932 | 1000], loss: 2185.678124462281
Epoch: [933 | 1000], loss: 2184.1744634553625
Epoch: [934 | 1000], loss: 2182.6684233037718
Epoch: [935 | 1000], loss: 2181.1721136496567
Epoch: [936 | 1000], loss: 2179.6916827876307
Epoch: [937 | 1000], loss: 2178.200254776506
Epoch: [938 | 1000], loss: 2176.720047638537
Epoch: [939 | 1000], loss: 2175.248381119683
Epoch: [940 | 1000], loss: 2173.7915699381433
auroc:0.6205499999999999, pr_auc_norm:0.9486447377614019, pr_auc_anom:0.11178193489347632
mean_pos:-6.412485122680664, mean_neg:-7.342939376831055 std_pos:3.4983837604522705 std_neg:2.8752427101135254
Epoch: [941 | 1000], loss: 2172.375915211525
Epoch: [942 | 1000], loss: 2171.0885821414217
Epoch: [943 | 1000], loss: 2169.727183145339
Epoch: [944 | 1000], loss: 2168.3638618123623
Epoch: [945 | 1000], loss: 2166.943979572041
Epoch: [946 | 1000], loss: 2165.5135285649694
Epoch: [947 | 1000], loss: 2164.072886616847
Epoch: [948 | 1000], loss: 2162.620723823808
Epoch: [949 | 1000], loss: 2161.156405811604
Epoch: [950 | 1000], loss: 2159.688104666824
auroc:0.6267400000000001, pr_auc_norm:0.9505990605375645, pr_auc_anom:0.11189248818835933
mean_pos:-6.090592861175537, mean_neg:-6.9850053787231445 std_pos:3.4192795753479004 std_neg:2.693434715270996
Epoch: [951 | 1000], loss: 2158.2245818449414
Epoch: [952 | 1000], loss: 2156.7605404557007
Epoch: [953 | 1000], loss: 2155.298105914971
Epoch: [954 | 1000], loss: 2153.8397432210145
Epoch: [955 | 1000], loss: 2152.3902074455104
Epoch: [956 | 1000], loss: 2150.941789713758
Epoch: [957 | 1000], loss: 2149.488031726546
Epoch: [958 | 1000], loss: 2148.0338190578796
Epoch: [959 | 1000], loss: 2146.5777080365565
Epoch: [960 | 1000], loss: 2145.128852996364
auroc:0.62473, pr_auc_norm:0.9498178125527327, pr_auc_anom:0.11143830250189495
mean_pos:-5.994990348815918, mean_neg:-6.847501277923584 std_pos:3.362717390060425 std_neg:2.6204607486724854
Epoch: [961 | 1000], loss: 2143.6779979701987
Epoch: [962 | 1000], loss: 2142.229151202274
Epoch: [963 | 1000], loss: 2140.7841447654573
Epoch: [964 | 1000], loss: 2139.3478090255317
Epoch: [965 | 1000], loss: 2137.9158197658
Epoch: [966 | 1000], loss: 2136.4948365820164
Epoch: [967 | 1000], loss: 2135.0878805988696
Epoch: [968 | 1000], loss: 2133.6778685143154
Epoch: [969 | 1000], loss: 2132.279565830633
Epoch: [970 | 1000], loss: 2130.8687587466184
auroc:0.6414, pr_auc_norm:0.9521608749860866, pr_auc_anom:0.11727186862165756
mean_pos:-6.158689975738525, mean_neg:-7.231959819793701 std_pos:3.374023199081421 std_neg:2.6839120388031006
Epoch: [971 | 1000], loss: 2129.467476282976
Epoch: [972 | 1000], loss: 2128.0677021777565
Epoch: [973 | 1000], loss: 2126.6562197875123
Epoch: [974 | 1000], loss: 2125.2425997290757
Epoch: [975 | 1000], loss: 2123.833344864283
Epoch: [976 | 1000], loss: 2122.4222917545962
Epoch: [977 | 1000], loss: 2121.0274426388796
Epoch: [978 | 1000], loss: 2119.645444020606
Epoch: [979 | 1000], loss: 2118.268535771306
Epoch: [980 | 1000], loss: 2116.8766499902163
auroc:0.62061, pr_auc_norm:0.9493571316543296, pr_auc_anom:0.11054096258863444
mean_pos:-5.947047710418701, mean_neg:-6.755061149597168 std_pos:3.3048436641693115 std_neg:2.595691204071045
Epoch: [981 | 1000], loss: 2115.4812641418757
Epoch: [982 | 1000], loss: 2114.089733050353
Epoch: [983 | 1000], loss: 2112.7063026086585
Epoch: [984 | 1000], loss: 2111.325368976917
Epoch: [985 | 1000], loss: 2109.947224639794
Epoch: [986 | 1000], loss: 2108.570228695455
Epoch: [987 | 1000], loss: 2107.1937908040004
Epoch: [988 | 1000], loss: 2105.819374556108
Epoch: [989 | 1000], loss: 2104.4454806783083
Epoch: [990 | 1000], loss: 2103.078060906809
auroc:0.63007, pr_auc_norm:0.950445716872576, pr_auc_anom:0.11333317017174041
mean_pos:-5.948920726776123, mean_neg:-6.838748931884766 std_pos:3.3092944622039795 std_neg:2.5649614334106445
Epoch: [991 | 1000], loss: 2101.7095319428254
Epoch: [992 | 1000], loss: 2100.341119082834
Epoch: [993 | 1000], loss: 2098.976249418537
Epoch: [994 | 1000], loss: 2097.617934541397
Epoch: [995 | 1000], loss: 2096.273247277648
Epoch: [996 | 1000], loss: 2094.974296486149
Epoch: [997 | 1000], loss: 2093.7031309887584
Epoch: [998 | 1000], loss: 2092.4093607337413
Epoch: [999 | 1000], loss: 2091.0948122160025
Epoch: [1000 | 1000], loss: 2089.7617581395375
auroc:0.62995, pr_auc_norm:0.9504564308487906, pr_auc_anom:0.11467232125827434
mean_pos:-6.016040802001953, mean_neg:-6.980316638946533 std_pos:3.284996509552002 std_neg:2.673210859298706
